android/app/build/outputs/mapping/release/seeds.txt
com.styledream4u.MainActivity: MainActivity()
com.styledream4u.MainActivity
com.styledream4u.MainApplication
com.styledream4u.MainApplication: MainApplication()
...
okhttp3.HttpUrl: java.lang.String FRAGMENT_ENCODE_SET_URI
okhttp3.Request$Builder: okhttp3.Request$Builder tag(java.lang.Object)
okhttp3.Response$Builder: okhttp3.Response$Builder priorResponse(okhttp3.Response)
com.google.android.material.R$style: int Widget_MaterialComponents_MaterialCalendar_Fullscreen
com.facebook.react.animated.NativeAnimatedModule: boolean mInitializedForNonFabric
okhttp3.Interceptor$Chain: okhttp3.Interceptor$Chain withWriteTimeout(int,java.util.concurrent.TimeUnit)
com.google.android.material.R$id: int custom
androidx.appcompat.R$id: int search_go_btn
org.devio.rn.splashscreen.R$style: int Theme_AppCompat_Light_Dialog
androidx.appcompat.R$style: int Base_TextAppearance_AppCompat_SearchResult
okhttp3.internal.cache.DiskLruCache$Entry: java.io.IOException invalidLengths(java.lang.String[])
com.facebook.react.views.picker.ReactDropdownPickerManager: ReactDropdownPickerManager()
okhttp3.internal.huc.DelegatingHttpsURLConnection: java.security.cert.Certificate[] getServerCertificates()
com.google.android.material.R$animator: int mtrl_btn_state_list_anim
com.facebook.react.bridge.queue.MessageQueueThreadSpec$ThreadType: com.facebook.react.bridge.queue.MessageQueueThreadSpec$ThreadType[] $VALUES
com.google.android.material.R$style: int Widget_AppCompat_ActionBar_Solid
com.swmansion.rnscreens.ScreenStackViewManager: int getChildCount(com.swmansion.rnscreens.ScreenStack)
com.facebook.react.modules.image.ImageLoaderModule: java.lang.String getName()
com.facebook.react.bridge.CatalystInstanceImpl: java.util.ArrayList mJSCallsPendingInit
com.facebook.react.modules.i18nmanager.I18nManagerModule: com.facebook.react.modules.i18nmanager.I18nUtil sharedI18nUtilInstance
com.google.android.material.R$styleable: int MaterialButton_backgroundTintMode
okhttp3.Cache: int requestCount()
okhttp3.EventListener
com.facebook.react.views.textinput.ReactTextInputManager: void setTextAlignVertical(com.facebook.react.views.textinput.ReactEditText,java.lang.String)
com.facebook.react.views.textinput.ReactEditText: boolean getDisableFullscreenUI()
com.google.android.material.R$dimen: int mtrl_extended_fab_disabled_elevation
androidx.appcompat.R$style: int Base_ThemeOverlay_AppCompat_Dialog_Alert
com.facebook.react.bridge.ReadableArray: boolean isNull(int)
com.google.android.material.snackbar.BaseTransientBottomBar$SnackbarBaseLayout: BaseTransientBottomBar$SnackbarBaseLayout(android.content.Context,android.util.AttributeSet)
com.facebook.react.bridge.ModuleHolder: boolean hasInstance()
com.google.android.material.circularreveal.CircularRevealFrameLayout: void setRevealInfo(com.google.android.material.circularreveal.CircularRevealWidget$RevealInfo)
androidx.appcompat.R$attr: int drawableEndCompat
okhttp3.Address: okhttp3.CertificatePinner certificatePinner
com.google.android.material.R$dimen: int mtrl_low_ripple_default_alpha
okhttp3.OkUrlFactory$1: OkUrlFactory$1(okhttp3.OkUrlFactory,java.lang.String)
com.facebook.react.views.text.ReactTextView: void setBorderStyle(java.lang.String)
com.facebook.react.bridge.JavaModuleWrapper$MethodDescriptor
com.facebook.react.bridge.Dynamic: com.facebook.react.bridge.ReadableArray asArray()
com.facebook.react.R$style: int TextAppearance_AppCompat_Widget_Button
com.facebook.react.bridge.CatalystInstanceImpl$PendingJSCall: CatalystInstanceImpl$PendingJSCall(java.lang.String,java.lang.String,com.facebook.react.bridge.NativeArray)
androidx.appcompat.R$color: int primary_text_default_material_dark
com.google.android.material.R$attr: int measureWithLargestChild
com.google.android.material.R$styleable: int Chip_iconStartPadding
com.facebook.react.bridge.CallbackImpl: void invoke(java.lang.Object[])
org.devio.rn.splashscreen.R$style: int Base_Widget_AppCompat_ListView_Menu
com.google.android.material.card.MaterialCardView: void setShapeAppearanceModel(com.google.android.material.shape.ShapeAppearanceModel)
com.google.android.material.R$attr: int chipGroupStyle