android/app/build/outputs/mapping/release/mapping.txt
# compiler: R8
# compiler_version: 2.0.88
# min_api: 21
# pg_map_id: 9f5dbdc
# common_typos_disable
com.styledream4u.MainActivity -> com.styledream4u.MainActivity:
    java.lang.String getMainComponentName() -> L
com.styledream4u.MainApplication -> com.styledream4u.MainApplication:
    com.facebook.react.ReactNativeHost mReactNativeHost -> b
    com.facebook.react.ReactNativeHost getReactNativeHost() -> a
    void initializeFlipper(android.content.Context,com.facebook.react.ReactInstanceManager) -> b
com.styledream4u.MainApplication$1 -> com.styledream4u.MainApplication$a:
    java.lang.String getJSBundleFile() -> d
    java.lang.String getJSMainModuleName() -> f
    java.util.List getPackages() -> h
    boolean getUseDeveloperSupport() -> l
...
okio.InflaterSource -> f.k:
    okio.BufferedSource source -> b
    java.util.zip.Inflater inflater -> c
    boolean closed -> e
    int bufferBytesHeldByInflater -> d
    boolean refill() -> d
    void releaseInflatedBytes() -> h
okio.Okio -> f.l:
    java.util.logging.Logger logger -> a
    okio.Sink appendingSink(java.io.File) -> a
    okio.Sink blackhole() -> b
    okio.BufferedSink buffer(okio.Sink) -> c
    okio.BufferedSource buffer(okio.Source) -> d
    boolean isAndroidGetsocknameError(java.lang.AssertionError) -> e
    okio.Sink sink(java.io.File) -> f
    okio.Sink sink(java.io.OutputStream) -> g
    okio.Sink sink(java.io.OutputStream,okio.Timeout) -> h
    okio.Sink sink(java.net.Socket) -> i
    okio.Source source(java.io.File) -> j
    okio.Source source(java.io.InputStream) -> k
    okio.Source source(java.io.InputStream,okio.Timeout) -> l
    okio.Source source(java.net.Socket) -> m
    okio.AsyncTimeout timeout(java.net.Socket) -> n
okio.Okio$1 -> f.l$a:
    okio.Timeout val$timeout -> b
    java.io.OutputStream val$out -> c
okio.Okio$2 -> f.l$b:
    okio.Timeout val$timeout -> b
    java.io.InputStream val$in -> c
okio.Okio$3 -> f.l$c:
okio.Okio$4 -> f.l$d:
    java.net.Socket val$socket -> a
okio.Pipe -> f.m:
    okio.Source source -> f
    okio.Buffer buffer -> b
    long maxBufferSize -> a
    okio.Sink foldedSink -> g
    okio.Sink sink -> e
    boolean sinkClosed -> c
    boolean sourceClosed -> d
    okio.Sink access$000(okio.Pipe) -> a
    okio.Sink sink() -> b
    okio.Source source() -> c
okio.Pipe$PipeSink -> f.m$a:
    okio.PushableTimeout timeout -> b
    okio.Pipe this$0 -> c
okio.Pipe$PipeSource -> f.m$b:
    okio.Timeout timeout -> b
    okio.Pipe this$0 -> c
okio.PushableTimeout -> f.n:
    okio.Timeout pushed -> a
    long originalTimeoutNanos -> d
    long originalDeadlineNanoTime -> c
    boolean originalHasDeadline -> b
    void pop() -> a
    void push(okio.Timeout) -> b
okio.RealBufferedSink -> f.o:
    okio.Buffer buffer -> b
    okio.Sink sink -> c
    boolean closed -> d
    okio.BufferedSink emitCompleteSegments() -> D
    okio.BufferedSink writeUtf8(java.lang.String) -> I
    okio.BufferedSink writeDecimalLong(long) -> J
    java.io.OutputStream outputStream() -> K
    okio.Buffer buffer() -> b
    okio.BufferedSink write(byte[],int,int) -> e
    long writeAll(okio.Source) -> f
    okio.BufferedSink writeHexadecimalUnsignedLong(long) -> g
    okio.BufferedSink emit() -> l
    okio.BufferedSink writeShort(int) -> n
    okio.BufferedSink writeInt(int) -> p
    okio.BufferedSink writeByte(int) -> v
    okio.BufferedSink write(byte[]) -> y
    okio.BufferedSink write(okio.ByteString) -> z
okio.RealBufferedSink$1 -> f.o$a:
    okio.RealBufferedSink this$0 -> b
okio.RealBufferedSource -> f.p:
    okio.Buffer buffer -> b
    okio.Source source -> c
    boolean closed -> d
    void readFully(okio.Buffer,long) -> A
    short readShortLe() -> C
    long readDecimalLong() -> E
    java.lang.String readUtf8LineStrict(long) -> F
    void require(long) -> H
    long indexOf(byte) -> M
    boolean rangeEquals(long,okio.ByteString) -> N
    long readHexadecimalUnsignedLong() -> O
    java.lang.String readString(java.nio.charset.Charset) -> P
    java.io.InputStream inputStream() -> Q
    okio.Buffer buffer() -> b
    long indexOf(byte,long,long) -> d
    boolean rangeEquals(long,okio.ByteString,int,int) -> h
    okio.ByteString readByteString(long) -> i
    void skip(long) -> j
    boolean request(long) -> o
    java.lang.String readUtf8LineStrict() -> r
    byte[] readByteArray() -> s
    int readIntLe() -> t
    boolean exhausted() -> u
    byte[] readByteArray(long) -> w
okio.RealBufferedSource$1 -> f.p$a:
    okio.RealBufferedSource this$0 -> b