android/app/build/outputs/mapping/release/usage.txt
com.styledream4u.R$drawable
com.styledream4u.R$integer
com.styledream4u.R$anim
com.styledream4u.R$plurals
com.styledream4u.R$raw
com.styledream4u.R$styleable
com.styledream4u.R$layout
com.styledream4u.R$string
com.styledream4u.R$xml
com.styledream4u.R$color
com.styledream4u.R$mipmap
com.styledream4u.R$bool
com.styledream4u.R$style
com.styledream4u.R$dimen
com.styledream4u.R$interpolator
com.styledream4u.R$attr
com.styledream4u.R
com.styledream4u.R$id
com.styledream4u.R$animator
com.styledream4u.BuildConfig
com.styledream4u.MainApplication$1:
    final synthetic com.styledream4u.MainApplication this$0
...
com.facebook.imagepipeline.core.ImagePipelineConfig$Builder:
    public com.facebook.imagepipeline.core.ImagePipelineConfig$Builder setBitmapsConfig(android.graphics.Bitmap$Config)
    public com.facebook.imagepipeline.core.ImagePipelineConfig$Builder setBitmapMemoryCacheParamsSupplier(com.facebook.common.internal.Supplier)
    public com.facebook.imagepipeline.core.ImagePipelineConfig$Builder setBitmapMemoryCacheTrimStrategy(com.facebook.imagepipeline.cache.CountingMemoryCache$CacheTrimStrategy)
    public com.facebook.imagepipeline.core.ImagePipelineConfig$Builder setCacheKeyFactory(com.facebook.imagepipeline.cache.CacheKeyFactory)
    public com.facebook.imagepipeline.core.ImagePipelineConfig$Builder setHttpConnectionTimeout(int)
    public com.facebook.imagepipeline.core.ImagePipelineConfig$Builder setFileCacheFactory(com.facebook.imagepipeline.core.FileCacheFactory)
    public boolean isDownsampleEnabled()
    public boolean isDiskCacheEnabled()
    public com.facebook.imagepipeline.core.ImagePipelineConfig$Builder setDiskCacheEnabled(boolean)
    public com.facebook.imagepipeline.core.ImagePipelineConfig$Builder setEncodedMemoryCacheParamsSupplier(com.facebook.common.internal.Supplier)
    public com.facebook.imagepipeline.core.ImagePipelineConfig$Builder setExecutorSupplier(com.facebook.imagepipeline.core.ExecutorSupplier)
androidx.swiperefreshlayout.R$styleable
com.facebook.react.uimanager.ReactClippingViewGroupHelper:
    public void <init>()
    public static final java.lang.String PROP_REMOVE_CLIPPED_SUBVIEWS
kotlin.jvm.internal.ArrayBooleanIterator
androidx.appcompat.widget.ShareActionProvider
androidx.vectordrawable.graphics.drawable.VectorDrawableCompat$VPath:
    public void printVPath(int)
    public java.lang.String nodesToString(androidx.core.graphics.PathParser$PathDataNode[])
    public boolean canApplyTheme()
    public void applyTheme(android.content.res.Resources$Theme)
    protected static final int FILL_TYPE_WINDING
com.facebook.imagepipeline.producers.PartialDiskCacheProducer$PartialDiskCacheConsumer:
    private static final int READ_SIZE
androidx.core.app.NotificationCompat$Action$Builder
com.google.android.material.floatingactionbutton.MotionStrategy:
    public abstract com.google.android.material.animation.MotionSpec getCurrentMotionSpec()
    public abstract int getDefaultMotionSpecResource()
    public abstract void addAnimationListener(android.animation.Animator$AnimatorListener)
    public abstract void removeAnimationListener(android.animation.Animator$AnimatorListener)
com.microsoft.codepush.react.CodePush:
    public void <init>(java.lang.String,android.content.Context)
    public static java.lang.String getServiceUrl()
    public void <init>(java.lang.String,android.content.Context,boolean,java.lang.String)
    public void <init>(java.lang.String,android.content.Context,boolean,int)
    public void <init>(java.lang.String,android.content.Context,boolean,java.lang.String,java.lang.Integer)
    private java.lang.String getPublicKeyByResourceDescriptor(int)
    public static java.lang.String getBundleUrl()
    public static java.lang.String getBundleUrl(java.lang.String)
    public static void overrideAppVersion(java.lang.String)
    public static void setUsingTestConfiguration(boolean)
    public static void setReactInstanceHolder(com.microsoft.codepush.react.ReactInstanceHolder)
    public java.lang.String getPackageFolder()
    public android.content.Context getContext()
    public void setDeploymentKey(java.lang.String)
    public java.util.List createJSModules()
androidx.core.os.UserManagerCompat
org.intellij.lang.annotations.PrintFormat
androidx.lifecycle.LiveData:
    public void <init>(java.lang.Object)
    public void observeForever(androidx.lifecycle.Observer)
    public void removeObservers(androidx.lifecycle.LifecycleOwner)
    protected void postValue(java.lang.Object)
    int getVersion()
    public boolean hasObservers()
    static final int START_VERSION